<?xml version="1.0" encoding="UTF-8"?>
<!-- Generated by org.testng.reporters.JUnitReportReporter -->
<testsuite hostname="BOOK-IOMPLGED8H" failures="0" tests="1" name="test.com.FirstTest" time="0.002" errors="0" timestamp="2 Sep 2023 12:25:07 GMT">
  <testcase classname="test.com.FirstTest" name="testFirst" time="0.002"/>
</testsuite> <!-- test.com.FirstTest -->
